This is XeTeX, Version 3.1415926-2.5-0.9999.3 (TeX Live 2013/Debian) (format=xelatex 2015.8.7)  7 APR 2017 16:55
entering extended mode
 restricted \write18 enabled.
 %&-line parsing enabled.
**draft.tex
(build/draft.tex
LaTeX2e <2011/06/27>
Babel <3.9h> and hyphenation patterns for 78 languages loaded.
(/usr/share/texlive/texmf-dist/tex/latex/base/article.cls
Document Class: article 2007/10/19 v1.4h Standard LaTeX document class
(/usr/share/texlive/texmf-dist/tex/latex/base/size10.clo
File: size10.clo 2007/10/19 v1.4h Standard LaTeX file (size option)
)
\c@part=\count80
\c@section=\count81
\c@subsection=\count82
\c@subsubsection=\count83
\c@paragraph=\count84
\c@subparagraph=\count85
\c@figure=\count86
\c@table=\count87
\abovecaptionskip=\skip41
\belowcaptionskip=\skip42
\bibindent=\dimen102
)
(/usr/share/texlive/texmf-dist/tex/latex/graphics/graphicx.sty
Package: graphicx 1999/02/16 v1.0f Enhanced LaTeX Graphics (DPC,SPQR)

(/usr/share/texlive/texmf-dist/tex/latex/graphics/keyval.sty
Package: keyval 1999/03/16 v1.13 key=value parser (DPC)
\KV@toks@=\toks14
)
(/usr/share/texlive/texmf-dist/tex/latex/graphics/graphics.sty
Package: graphics 2009/02/05 v1.0o Standard LaTeX Graphics (DPC,SPQR)

(/usr/share/texlive/texmf-dist/tex/latex/graphics/trig.sty
Package: trig 1999/03/16 v1.09 sin cos tan (DPC)
)
(/usr/share/texlive/texmf-dist/tex/latex/latexconfig/graphics.cfg
File: graphics.cfg 2010/04/23 v1.9 graphics configuration of TeX Live
)
Package graphics Info: Driver file: xetex.def on input line 91.

(/usr/share/texlive/texmf-dist/tex/xelatex/xetex-def/xetex.def
File: xetex.def 2013/04/29 v0.96 LaTeX color/graphics driver for XeTeX (RRM/JK)

))
\Gin@req@height=\dimen103
\Gin@req@width=\dimen104
)
(/usr/share/texlive/texmf-dist/tex/latex/graphics/color.sty
Package: color 2005/11/14 v1.0j Standard LaTeX Color (DPC)

(/usr/share/texlive/texmf-dist/tex/latex/latexconfig/color.cfg
File: color.cfg 2007/01/18 v1.5 color configuration of teTeX/TeXLive
)
Package color Info: Driver file: xetex.def on input line 130.
)
(/usr/share/texlive/texmf-dist/tex/latex/framed/framed.sty
Package: framed 2011/10/22 v 0.96: framed or shaded text with page breaks
\OuterFrameSep=\skip43
\fb@frw=\dimen105
\fb@frh=\dimen106
\FrameRule=\dimen107
\FrameSep=\dimen108
)
(/usr/share/texlive/texmf-dist/tex/latex/base/alltt.sty
Package: alltt 1997/06/16 v2.0g defines alltt environment
)
(/usr/share/texlive/texmf-dist/tex/latex/amsmath/amsmath.sty
Package: amsmath 2013/01/14 v2.14 AMS math features
\@mathmargin=\skip44

For additional information on amsmath, use the `?' option.
(/usr/share/texlive/texmf-dist/tex/latex/amsmath/amstext.sty
Package: amstext 2000/06/29 v2.01

(/usr/share/texlive/texmf-dist/tex/latex/amsmath/amsgen.sty
File: amsgen.sty 1999/11/30 v2.0
\@emptytoks=\toks15
\ex@=\dimen109
))
(/usr/share/texlive/texmf-dist/tex/latex/amsmath/amsbsy.sty
Package: amsbsy 1999/11/29 v1.2d
\pmbraise@=\dimen110
)
(/usr/share/texlive/texmf-dist/tex/latex/amsmath/amsopn.sty
Package: amsopn 1999/12/14 v2.01 operator names
)
\inf@bad=\count88
LaTeX Info: Redefining \frac on input line 210.
\uproot@=\count89
\leftroot@=\count90
LaTeX Info: Redefining \overline on input line 306.
\classnum@=\count91
\DOTSCASE@=\count92
LaTeX Info: Redefining \ldots on input line 378.
LaTeX Info: Redefining \dots on input line 381.
LaTeX Info: Redefining \cdots on input line 466.
\Mathstrutbox@=\box26
\strutbox@=\box27
\big@size=\dimen111
LaTeX Font Info:    Redeclaring font encoding OML on input line 566.
LaTeX Font Info:    Redeclaring font encoding OMS on input line 567.
\macc@depth=\count93
\c@MaxMatrixCols=\count94
\dotsspace@=\muskip10
\c@parentequation=\count95
\dspbrk@lvl=\count96
\tag@help=\toks16
\row@=\count97
\column@=\count98
\maxfields@=\count99
\andhelp@=\toks17
\eqnshift@=\dimen112
\alignsep@=\dimen113
\tagshift@=\dimen114
\tagwidth@=\dimen115
\totwidth@=\dimen116
\lineht@=\dimen117
\@envbody=\toks18
\multlinegap=\skip45
\multlinetaggap=\skip46
\mathdisplay@stack=\toks19
LaTeX Info: Redefining \[ on input line 2665.
LaTeX Info: Redefining \] on input line 2666.
)
(/usr/share/texlive/texmf-dist/tex/latex/caption/caption.sty
Package: caption 2013/05/02 v3.3-89 Customizing captions (AR)

(/usr/share/texlive/texmf-dist/tex/latex/caption/caption3.sty
Package: caption3 2013/05/02 v1.6-88 caption3 kernel (AR)
Package caption3 Info: TeX engine: e-TeX on input line 57.
\captionmargin=\dimen118
\captionmargin@=\dimen119
\captionwidth=\dimen120
\caption@tempdima=\dimen121
\caption@indent=\dimen122
\caption@parindent=\dimen123
\caption@hangindent=\dimen124
)
\c@ContinuedFloat=\count100
)
(/usr/share/texlive/texmf-dist/tex/latex/tools/array.sty
Package: array 2008/09/09 v2.4c Tabular extension package (FMi)
\col@sep=\dimen125
\extrarowheight=\dimen126
\NC@list=\toks20
\extratabsurround=\skip47
\backup@length=\skip48
)
(/usr/share/texlive/texmf-dist/tex/latex/biblatex/biblatex.sty
Package: biblatex 2013/11/25 v2.8a programmable bibliographies (PK/JW/AB)

(/usr/share/texlive/texmf-dist/tex/latex/biblatex/biblatex2.sty
Package: biblatex2 2013/11/25 v2.8a programmable bibliographies (biber) (PK/JW/
AB)

(/usr/share/texlive/texmf-dist/tex/latex/etoolbox/etoolbox.sty
Package: etoolbox 2011/01/03 v2.1 e-TeX tools for LaTeX

(/usr/share/texlive/texmf-dist/tex/latex/etex-pkg/etex.sty
Package: etex 1998/03/26 v2.0 eTeX basic definition package (PEB)
\et@xins=\count101
)
\etb@tempcnta=\count102
)
(/usr/share/texlive/texmf-dist/tex/latex/oberdiek/kvoptions.sty
Package: kvoptions 2011/06/30 v3.11 Key value format for package options (HO)

(/usr/share/texlive/texmf-dist/tex/generic/oberdiek/ltxcmds.sty
Package: ltxcmds 2011/11/09 v1.22 LaTeX kernel commands for general use (HO)
)
(/usr/share/texlive/texmf-dist/tex/generic/oberdiek/kvsetkeys.sty
Package: kvsetkeys 2012/04/25 v1.16 Key value parser (HO)

(/usr/share/texlive/texmf-dist/tex/generic/oberdiek/infwarerr.sty
Package: infwarerr 2010/04/08 v1.3 Providing info/warning/error messages (HO)
)
(/usr/share/texlive/texmf-dist/tex/generic/oberdiek/etexcmds.sty
Package: etexcmds 2011/02/16 v1.5 Avoid name clashes with e-TeX commands (HO)

(/usr/share/texlive/texmf-dist/tex/generic/oberdiek/ifluatex.sty
Package: ifluatex 2010/03/01 v1.3 Provides the ifluatex switch (HO)
Package ifluatex Info: LuaTeX not detected.
)
Package etexcmds Info: Could not find \expanded.
(etexcmds)             That can mean that you are not using pdfTeX 1.50 or
(etexcmds)             that some package has redefined \expanded.
(etexcmds)             In the latter case, load this package earlier.
)))
(/usr/share/texlive/texmf-dist/tex/latex/logreq/logreq.sty
Package: logreq 2010/08/04 v1.0 xml request logger
\lrq@indent=\count103

(/usr/share/texlive/texmf-dist/tex/latex/logreq/logreq.def
File: logreq.def 2010/08/04 v1.0 logreq spec v1.0
))
(/usr/share/texlive/texmf-dist/tex/latex/base/ifthen.sty
Package: ifthen 2001/05/26 v1.1c Standard LaTeX ifthen package (DPC)
)
(/usr/share/texlive/texmf-dist/tex/latex/url/url.sty
\Urlmuskip=\muskip11
Package: url 2013/09/16  ver 3.4  Verb mode for urls, etc.
)
\c@tabx@nest=\count104
\c@listtotal=\count105
\c@listcount=\count106
\c@liststart=\count107
\c@liststop=\count108
\c@citecount=\count109
\c@citetotal=\count110
\c@multicitecount=\count111
\c@multicitetotal=\count112
\c@instcount=\count113
\c@maxnames=\count114
\c@minnames=\count115
\c@maxitems=\count116
\c@minitems=\count117
\c@citecounter=\count118
\c@savedcitecounter=\count119
\c@uniquelist=\count120
\c@uniquename=\count121
\c@refsection=\count122
\c@refsegment=\count123
\c@maxextratitle=\count124
\c@maxextratitleyear=\count125
\c@maxextrayear=\count126
\c@maxextraalpha=\count127
\c@abbrvpenalty=\count128
\c@highnamepenalty=\count129
\c@lownamepenalty=\count130
\c@maxparens=\count131
\c@parenlevel=\count132
\blx@tempcnta=\count133
\blx@tempcntb=\count134
\blx@tempcntc=\count135
\blx@maxsection=\count136
\blx@maxsegment@0=\count137
\blx@notetype=\count138
\blx@parenlevel@text=\count139
\blx@parenlevel@foot=\count140
\blx@sectionciteorder@0=\count141
\labelnumberwidth=\skip49
\labelalphawidth=\skip50
\shorthandwidth=\skip51
\biblabelsep=\skip52
\bibitemsep=\skip53
\bibnamesep=\skip54
\bibinitsep=\skip55
\bibparsep=\skip56
\bibhang=\skip57
\blx@bcfin=\read1
\blx@bcfout=\write3
\c@mincomprange=\count142
\c@maxcomprange=\count143
\c@mincompwidth=\count144
Package biblatex Info: Trying to load biblatex default data model...
Package biblatex Info: ... file 'blx-dm.def' found.

(/usr/share/texlive/texmf-dist/tex/latex/biblatex/blx-dm.def)
Package biblatex Info: Trying to load biblatex custom data model...
Package biblatex Info: ... file 'biblatex-dm.cfg' not found.
\c@afterword=\count145
\c@savedafterword=\count146
\c@annotator=\count147
\c@savedannotator=\count148
\c@author=\count149
\c@savedauthor=\count150
\c@bookauthor=\count151
\c@savedbookauthor=\count152
\c@commentator=\count153
\c@savedcommentator=\count154
\c@editor=\count155
\c@savededitor=\count156
\c@editora=\count157
\c@savededitora=\count158
\c@editorb=\count159
\c@savededitorb=\count160
\c@editorc=\count161
\c@savededitorc=\count162
\c@foreword=\count163
\c@savedforeword=\count164
\c@holder=\count165
\c@savedholder=\count166
\c@introduction=\count167
\c@savedintroduction=\count168
\c@namea=\count169
\c@savednamea=\count170
\c@nameb=\count171
\c@savednameb=\count172
\c@namec=\count173
\c@savednamec=\count174
\c@shortauthor=\count175
\c@savedshortauthor=\count176
\c@shorteditor=\count177
\c@savedshorteditor=\count178
\c@translator=\count179
\c@savedtranslator=\count180
\c@labelname=\count181
\c@savedlabelname=\count182
\c@institution=\count183
\c@savedinstitution=\count184
\c@lista=\count185
\c@savedlista=\count186
\c@listb=\count187
\c@savedlistb=\count188
\c@listc=\count189
\c@savedlistc=\count190
\c@listd=\count191
\c@savedlistd=\count192
\c@liste=\count193
\c@savedliste=\count194
\c@listf=\count195
\c@savedlistf=\count196
\c@location=\count197
\c@savedlocation=\count198
\c@organization=\count199
\c@savedorganization=\count200
\c@origlocation=\count201
\c@savedoriglocation=\count202
\c@origpublisher=\count203
\c@savedorigpublisher=\count204
\c@publisher=\count205
\c@savedpublisher=\count206
\c@language=\count207
\c@savedlanguage=\count208
\c@pageref=\count209
\c@savedpageref=\count210
Package biblatex Info: Trying to load compatibility code...
Package biblatex Info: ... file 'blx-compat.def' found.

(/usr/share/texlive/texmf-dist/tex/latex/biblatex/blx-compat.def
File: blx-compat.def 2013/11/25 v2.8a biblatex compatibility (PK/JW/AB)
)
Package biblatex Info: Trying to load generic definitions...
Package biblatex Info: ... file 'biblatex.def' found.

(/usr/share/texlive/texmf-dist/tex/latex/biblatex/biblatex.def
File: biblatex.def 
\c@textcitecount=\count211
\c@textcitetotal=\count212
\c@textcitemaxnames=\count213
\c@biburlnumpenalty=\count214
\c@biburlucpenalty=\count215
\c@biburllcpenalty=\count216
\c@smartand=\count217
)
Package biblatex Info: Trying to load bibliography style 'numeric'...
Package biblatex Info: ... file 'numeric.bbx' found.

(/usr/share/texlive/texmf-dist/tex/latex/biblatex/bbx/numeric.bbx
File: numeric.bbx 2013/11/25 v2.8a biblatex bibliography style (PK/JW/AB)
Package biblatex Info: Trying to load bibliography style 'standard'...
Package biblatex Info: ... file 'standard.bbx' found.

(/usr/share/texlive/texmf-dist/tex/latex/biblatex/bbx/standard.bbx
File: standard.bbx 2013/11/25 v2.8a biblatex bibliography style (PK/JW/AB)
\c@bbx:relatedcount=\count218
\c@bbx:relatedtotal=\count219
))
Package biblatex Info: Trying to load citation style 'numeric'...
Package biblatex Info: ... file 'numeric.cbx' found.

(/usr/share/texlive/texmf-dist/tex/latex/biblatex/cbx/numeric.cbx
File: numeric.cbx 2013/11/25 v2.8a biblatex citation style (PK/JW/AB)
Package biblatex Info: Redefining '\cite'.
Package biblatex Info: Redefining '\parencite'.
Package biblatex Info: Redefining '\footcite'.
Package biblatex Info: Redefining '\footcitetext'.
Package biblatex Info: Redefining '\smartcite'.
Package biblatex Info: Redefining '\supercite'.
Package biblatex Info: Redefining '\textcite'.
Package biblatex Info: Redefining '\textcites'.
Package biblatex Info: Redefining '\cites'.
Package biblatex Info: Redefining '\parencites'.
Package biblatex Info: Redefining '\smartcites'.
)
Package biblatex Info: Trying to load configuration file...
Package biblatex Info: ... file 'biblatex.cfg' found.

(/usr/share/texlive/texmf-dist/tex/latex/biblatex/biblatex.cfg
File: biblatex.cfg 
)))
(/usr/share/texlive/texmf-dist/tex/latex/upquote/upquote.sty
Package: upquote 2012/04/19 v1.3 upright-quote and grave-accent glyphs in verba
tim
)
Package biblatex Info: Trying to load language 'english'...
Package biblatex Info: ... file 'english.lbx' found.

(/usr/share/texlive/texmf-dist/tex/latex/biblatex/lbx/english.lbx
File: english.lbx 2013/11/25 v2.8a biblatex localization (PK/JW/AB)
)
\@quotelevel=\count220
\@quotereset=\count221

(build/draft.aux)
\openout1 = `draft.aux'.

LaTeX Font Info:    Checking defaults for OML/cmm/m/it on input line 61.
LaTeX Font Info:    ... okay on input line 61.
LaTeX Font Info:    Checking defaults for T1/cmr/m/n on input line 61.
LaTeX Font Info:    ... okay on input line 61.
LaTeX Font Info:    Checking defaults for OT1/cmr/m/n on input line 61.
LaTeX Font Info:    ... okay on input line 61.
LaTeX Font Info:    Checking defaults for OMS/cmsy/m/n on input line 61.
LaTeX Font Info:    ... okay on input line 61.
LaTeX Font Info:    Checking defaults for OMX/cmex/m/n on input line 61.
LaTeX Font Info:    ... okay on input line 61.
LaTeX Font Info:    Checking defaults for U/cmr/m/n on input line 61.
LaTeX Font Info:    ... okay on input line 61.
Package caption Info: Begin \AtBeginDocument code.
Package caption Info: End \AtBeginDocument code.
Package biblatex Info: XeTeX detected.
(biblatex)             Assuming input encoding 'utf8'.
Package biblatex Info: Automatic encoding selection.
(biblatex)             Assuming data encoding 'utf8'.
\openout3 = `draft.bcf'.

Package biblatex Info: Trying to load bibliographic data...
Package biblatex Info: ... file 'draft.bbl' found.
 (build/draft.bbl)
Package biblatex Info: Reference section=0 on input line 61.
Package biblatex Info: Reference segment=0 on input line 61.
LaTeX Font Info:    Try loading font information for OMS+cmr on input line 72.

(/usr/share/texlive/texmf-dist/tex/latex/base/omscmr.fd
File: omscmr.fd 1999/05/25 v2.5h Standard LaTeX font definitions
)
LaTeX Font Info:    Font shape `OMS/cmr/m/n' in size <10> not available
(Font)              Font shape `OMS/cmsy/m/n' tried instead on input line 72.
 [1

] [2]
File: images/O2_fig-1.pdf Graphic file (type QTm)

<use  "images/O2_fig-1.pdf" >
Overfull \hbox (12.0pt too wide) in paragraph at lines 131--146
[][] 
 []

[3] [4]
Missing character: There is no š in font cmr10!
 [5] (build/draft.aux)
Package logreq Info: Writing requests to 'draft.run.xml'.
\openout1 = `draft.run.xml'.

 ) 
Here is how much of TeX's memory you used:
 7968 strings out of 493918
 132122 string characters out of 6150564
 519466 words of memory out of 5000000
 11216 multiletter control sequences out of 15000+600000
 9061 words of font info for 33 fonts, out of 8000000 for 9000
 1144 hyphenation exceptions out of 8191
 44i,12n,49p,1086b,863s stack positions out of 5000i,500n,10000p,200000b,80000s

Output written on build/draft.pdf (5 pages).
